#
# There is insufficient memory for the Java Runtime Environment to continue.
# Native memory allocation (malloc) failed to allocate 295856 bytes for Chunk::new
# Possible reasons:
#   The system is out of physical RAM or swap space
#   The process is running with CompressedOops enabled, and the Java Heap may be blocking the growth of the native heap
# Possible solutions:
#   Reduce memory load on the system
#   Increase physical memory or swap space
#   Check if swap backing store is full
#   Decrease Java heap size (-Xmx/-Xms)
#   Decrease number of Java threads
#   Decrease Java thread stack sizes (-Xss)
#   Set larger code cache with -XX:ReservedCodeCacheSize=
#   JVM is running with Zero Based Compressed Oops mode in which the Java heap is
#     placed in the first 32GB address space. The Java Heap base address is the
#     maximum limit for the native heap growth. Please use -XX:HeapBaseMinAddress
#     to set the Java Heap base and to place the Java Heap above 32GB virtual address.
# This output file may be truncated or incomplete.
#
#  Out of Memory Error (allocation.cpp:389), pid=7144, tid=0x0000000000003bc8
#
# JRE version: Java(TM) SE Runtime Environment (8.0_301-b09) (build 1.8.0_301-b09)
# Java VM: Java HotSpot(TM) 64-Bit Server VM (25.301-b09 mixed mode windows-amd64 compressed oops)
# Failed to write core dump. Minidumps are not enabled by default on client versions of Windows
#

---------------  T H R E A D  ---------------

Current thread (0x000002c783743000):  JavaThread "main" [_thread_in_native, id=15304, stack(0x000000e287200000,0x000000e287300000)]

Stack: [0x000000e287200000,0x000000e287300000]
Native frames: (J=compiled Java code, j=interpreted, Vv=VM code, C=native code)
V  [jvm.dll+0x32ed79]
V  [jvm.dll+0x275722]
V  [jvm.dll+0x2763cd]
V  [jvm.dll+0x26ce05]
V  [jvm.dll+0xd551c]
V  [jvm.dll+0xd5d1c]
V  [jvm.dll+0x65ff9]
V  [jvm.dll+0x662d7]
V  [jvm.dll+0x6640d]
V  [jvm.dll+0x65a4f]
V  [jvm.dll+0x83aae]
V  [jvm.dll+0x84ef0]
V  [jvm.dll+0x852b3]
V  [jvm.dll+0x1892c8]
C  [java.dll+0x1411]
C  0x000002c7852d0ca4

Java frames: (J=compiled Java code, j=interpreted, Vv=VM code)
J 610  java.lang.Class.forName0(Ljava/lang/String;ZLjava/lang/ClassLoader;Ljava/lang/Class;)Ljava/lang/Class; (0 bytes) @ 0x000002c7852d0c07 [0x000002c7852d0b80+0x87]
J 673 C1 java.lang.Class.forName(Ljava/lang/String;ZLjava/lang/ClassLoader;)Ljava/lang/Class; (53 bytes) @ 0x000002c7852ea92c [0x000002c7852ea800+0x12c]
j  sun.nio.cs.AbstractCharsetProvider.lookup(Ljava/lang/String;)Ljava/nio/charset/Charset;+86
j  sun.nio.cs.AbstractCharsetProvider.charsetForName(Ljava/lang/String;)Ljava/nio/charset/Charset;+14
j  java.nio.charset.Charset.lookupExtendedCharset(Ljava/lang/String;)Ljava/nio/charset/Charset;+10
j  java.nio.charset.Charset.lookup2(Ljava/lang/String;)Ljava/nio/charset/Charset;+48
j  java.nio.charset.Charset.lookup(Ljava/lang/String;)Ljava/nio/charset/Charset;+40
j  java.nio.charset.Charset.forName(Ljava/lang/String;)Ljava/nio/charset/Charset;+1
j  com.mysql.cj.MysqlCharset.<init>(Ljava/lang/String;II[Ljava/lang/String;Lcom/mysql/cj/ServerVersion;)V+50
j  com.mysql.cj.CharsetMapping.<clinit>()V+251
v  ~StubRoutines::call_stub
j  com.mysql.cj.protocol.AuthenticationProvider.getCharsetForHandshake(Ljava/lang/String;Lcom/mysql/cj/ServerVersion;)B+8
j  com.mysql.cj.protocol.a.NativeProtocol.negotiateSSLConnection(I)V+103
j  com.mysql.cj.protocol.a.NativeAuthenticationProvider.negotiateSSLConnection(I)V+5
j  com.mysql.cj.protocol.a.NativeAuthenticationProvider.proceedHandshakeWithPluggableAuthentication(Lcom/mysql/cj/protocol/ServerSession;Ljava/lang/String;Ljava/lang/String;Ljava/lang/String;Lcom/mysql/cj/protocol/a/NativePacketPayload;)V+353
j  com.mysql.cj.protocol.a.NativeAuthenticationProvider.connect(Lcom/mysql/cj/protocol/ServerSession;Ljava/lang/String;Ljava/lang/String;Ljava/lang/String;)V+600
j  com.mysql.cj.protocol.a.NativeProtocol.connect(Ljava/lang/String;Ljava/lang/String;Ljava/lang/String;)V+15
j  com.mysql.cj.NativeSession.connect(Lcom/mysql/cj/conf/HostInfo;Ljava/lang/String;Ljava/lang/String;Ljava/lang/String;ILcom/mysql/cj/TransactionEventHandler;)V+110
j  com.mysql.cj.jdbc.ConnectionImpl.connectOneTryOnly(Z)V+35
j  com.mysql.cj.jdbc.ConnectionImpl.createNewIO(Z)V+27
j  com.mysql.cj.jdbc.ConnectionImpl.<init>(Lcom/mysql/cj/conf/HostInfo;)V+783
j  com.mysql.cj.jdbc.ConnectionImpl.getInstance(Lcom/mysql/cj/conf/HostInfo;)Lcom/mysql/cj/jdbc/JdbcConnection;+5
j  com.mysql.cj.jdbc.NonRegisteringDriver.connect(Ljava/lang/String;Ljava/util/Properties;)Ljava/sql/Connection;+60
j  com.zaxxer.hikari.util.DriverDataSource.getConnection(Ljava/lang/String;Ljava/lang/String;)Ljava/sql/Connection;+61
j  com.zaxxer.hikari.pool.PoolBase.newConnection()Ljava/sql/Connection;+49
j  com.zaxxer.hikari.pool.PoolBase.newPoolEntry()Lcom/zaxxer/hikari/pool/PoolEntry;+5
j  com.zaxxer.hikari.pool.HikariPool.createPoolEntry()Lcom/zaxxer/hikari/pool/PoolEntry;+1
j  com.zaxxer.hikari.pool.HikariPool.checkFailFast()V+20
j  com.zaxxer.hikari.pool.HikariPool.<init>(Lcom/zaxxer/hikari/HikariConfig;)V+128
j  com.zaxxer.hikari.HikariDataSource.getConnection()Ljava/sql/Connection;+100
j  org.hibernate.engine.jdbc.connections.internal.DatasourceConnectionProviderImpl.getConnection()Ljava/sql/Connection;+48
j  org.hibernate.engine.jdbc.env.internal.JdbcEnvironmentInitiator$ConnectionProviderJdbcConnectionAccess.obtainConnection()Ljava/sql/Connection;+4
j  org.hibernate.engine.jdbc.env.internal.JdbcEnvironmentInitiator.initiateService(Ljava/util/Map;Lorg/hibernate/service/spi/ServiceRegistryImplementor;)Lorg/hibernate/engine/jdbc/env/spi/JdbcEnvironment;+36
j  org.hibernate.engine.jdbc.env.internal.JdbcEnvironmentInitiator.initiateService(Ljava/util/Map;Lorg/hibernate/service/spi/ServiceRegistryImplementor;)Lorg/hibernate/service/Service;+3
j  org.hibernate.boot.registry.internal.StandardServiceRegistryImpl.initiateService(Lorg/hibernate/service/spi/ServiceInitiator;)Lorg/hibernate/service/Service;+9
j  org.hibernate.service.internal.AbstractServiceRegistryImpl.createService(Lorg/hibernate/service/spi/ServiceBinding;)Lorg/hibernate/service/Service;+26
j  org.hibernate.service.internal.AbstractServiceRegistryImpl.initializeService(Lorg/hibernate/service/spi/ServiceBinding;)Lorg/hibernate/service/Service;+30
j  org.hibernate.service.internal.AbstractServiceRegistryImpl.getService(Ljava/lang/Class;)Lorg/hibernate/service/Service;+88
j  org.hibernate.id.factory.internal.DefaultIdentifierGeneratorFactory.injectServices(Lorg/hibernate/service/spi/ServiceRegistryImplementor;)V+9
j  org.hibernate.service.internal.AbstractServiceRegistryImpl.injectDependencies(Lorg/hibernate/service/spi/ServiceBinding;)V+24
j  org.hibernate.service.internal.AbstractServiceRegistryImpl.initializeService(Lorg/hibernate/service/spi/ServiceBinding;)Lorg/hibernate/service/Service;+45
j  org.hibernate.service.internal.AbstractServiceRegistryImpl.getService(Ljava/lang/Class;)Lorg/hibernate/service/Service;+88
j  org.hibernate.boot.internal.InFlightMetadataCollectorImpl.<init>(Lorg/hibernate/boot/spi/BootstrapContext;Lorg/hibernate/boot/spi/MetadataBuildingOptions;)V+277
j  org.hibernate.boot.model.process.spi.MetadataBuildingProcess.complete(Lorg/hibernate/boot/model/process/spi/ManagedResources;Lorg/hibernate/boot/spi/BootstrapContext;Lorg/hibernate/boot/spi/MetadataBuildingOptions;)Lorg/hibernate/boot/spi/MetadataImplementor;+6
j  org.hibernate.jpa.boot.internal.EntityManagerFactoryBuilderImpl.metadata()Lorg/hibernate/boot/spi/MetadataImplementor;+30
j  org.hibernate.jpa.boot.internal.EntityManagerFactoryBuilderImpl.build()Ljavax/persistence/EntityManagerFactory;+1
j  org.springframework.orm.jpa.vendor.SpringHibernateJpaPersistenceProvider.createContainerEntityManagerFactory(Ljavax/persistence/spi/PersistenceUnitInfo;Ljava/util/Map;)Ljavax/persistence/EntityManagerFactory;+55
j  org.springframework.orm.jpa.LocalContainerEntityManagerFactoryBean.createNativeEntityManagerFactory()Ljavax/persistence/EntityManagerFactory;+129
j  org.springframework.orm.jpa.AbstractEntityManagerFactoryBean.buildNativeEntityManagerFactory()Ljavax/persistence/EntityManagerFactory;+1
j  org.springframework.orm.jpa.AbstractEntityManagerFactoryBean.afterPropertiesSet()V+192
j  org.springframework.orm.jpa.LocalContainerEntityManagerFactoryBean.afterPropertiesSet()V+77
j  org.springframework.beans.factory.support.AbstractAutowireCapableBeanFactory.invokeInitMethods(Ljava/lang/String;Ljava/lang/Object;Lorg/springframework/beans/factory/support/RootBeanDefinition;)V+106
j  org.springframework.beans.factory.support.AbstractAutowireCapableBeanFactory.initializeBean(Ljava/lang/String;Ljava/lang/Object;Lorg/springframework/beans/factory/support/RootBeanDefinition;)Ljava/lang/Object;+59
j  org.springframework.beans.factory.support.AbstractAutowireCapableBeanFactory.doCreateBean(Ljava/lang/String;Lorg/springframework/beans/factory/support/RootBeanDefinition;[Ljava/lang/Object;)Ljava/lang/Object;+245
j  org.springframework.beans.factory.support.AbstractAutowireCapableBeanFactory.createBean(Ljava/lang/String;Lorg/springframework/beans/factory/support/RootBeanDefinition;[Ljava/lang/Object;)Ljava/lang/Object;+169
j  org.springframework.beans.factory.support.AbstractBeanFactory.lambda$doGetBean$0(Ljava/lang/String;Lorg/springframework/beans/factory/support/RootBeanDefinition;[Ljava/lang/Object;)Ljava/lang/Object;+4
j  org.springframework.beans.factory.support.AbstractBeanFactory$$Lambda$142.getObject()Ljava/lang/Object;+16
j  org.springframework.beans.factory.support.DefaultSingletonBeanRegistry.getSingleton(Ljava/lang/String;Lorg/springframework/beans/factory/ObjectFactory;)Ljava/lang/Object;+132
J 2106 C1 org.springframework.beans.factory.support.AbstractBeanFactory.doGetBean(Ljava/lang/String;Ljava/lang/Class;[Ljava/lang/Object;Z)Ljava/lang/Object; (833 bytes) @ 0x000002c78551206c [0x000002c785511b40+0x52c]
j  org.springframework.beans.factory.support.AbstractBeanFactory.getBean(Ljava/lang/String;)Ljava/lang/Object;+5
j  org.springframework.context.support.AbstractApplicationContext.getBean(Ljava/lang/String;)Ljava/lang/Object;+9
j  org.springframework.context.support.AbstractApplicationContext.finishBeanFactoryInitialization(Lorg/springframework/beans/factory/config/ConfigurableListableBeanFactory;)V+100
j  org.springframework.context.support.AbstractApplicationContext.refresh()V+54
j  org.springframework.boot.web.servlet.context.ServletWebServerApplicationContext.refresh()V+1
j  org.springframework.boot.SpringApplication.refresh(Lorg/springframework/context/ApplicationContext;)V+10
j  org.springframework.boot.SpringApplication.refreshContext(Lorg/springframework/context/ConfigurableApplicationContext;)V+2
j  org.springframework.boot.SpringApplication.run([Ljava/lang/String;)Lorg/springframework/context/ConfigurableApplicationContext;+118
j  org.springframework.boot.SpringApplication.run([Ljava/lang/Class;[Ljava/lang/String;)Lorg/springframework/context/ConfigurableApplicationContext;+9
j  org.springframework.boot.SpringApplication.run(Ljava/lang/Class;[Ljava/lang/String;)Lorg/springframework/context/ConfigurableApplicationContext;+9
j  com.example.BasicApplication.main([Ljava/lang/String;)V+3
v  ~StubRoutines::call_stub

---------------  P R O C E S S  ---------------

Java Threads: ( => current thread )
  0x000002c79fa3e000 JavaThread "mysql-cj-abandoned-connection-cleanup" daemon [_thread_blocked, id=17984, stack(0x000000e288900000,0x000000e288a00000)]
  0x000002c79fa0b000 JavaThread "container-0" [_thread_blocked, id=15364, stack(0x000000e288800000,0x000000e288900000)]
  0x000002c79f923800 JavaThread "Catalina-utility-2" [_thread_blocked, id=12492, stack(0x000000e288700000,0x000000e288800000)]
  0x000002c79fa02000 JavaThread "Catalina-utility-1" [_thread_blocked, id=2552, stack(0x000000e288600000,0x000000e288700000)]
  0x000002c79dcd0800 JavaThread "Service Thread" daemon [_thread_blocked, id=13144, stack(0x000000e288400000,0x000000e288500000)]
  0x000002c79be2b000 JavaThread "C1 CompilerThread3" daemon [_thread_blocked, id=9004, stack(0x000000e288300000,0x000000e288400000)]
  0x000002c79be26800 JavaThread "C2 CompilerThread2" daemon [_thread_blocked, id=12876, stack(0x000000e288200000,0x000000e288300000)]
  0x000002c79be19800 JavaThread "C2 CompilerThread1" daemon [_thread_blocked, id=17772, stack(0x000000e288100000,0x000000e288200000)]
  0x000002c79be17000 JavaThread "C2 CompilerThread0" daemon [_thread_blocked, id=12888, stack(0x000000e288000000,0x000000e288100000)]
  0x000002c79be13000 JavaThread "Attach Listener" daemon [_thread_blocked, id=5000, stack(0x000000e287f00000,0x000000e288000000)]
  0x000002c79be12000 JavaThread "Signal Dispatcher" daemon [_thread_blocked, id=6328, stack(0x000000e287e00000,0x000000e287f00000)]
  0x000002c79bdec000 JavaThread "Finalizer" daemon [_thread_blocked, id=10556, stack(0x000000e287d00000,0x000000e287e00000)]
  0x000002c79bde4800 JavaThread "Reference Handler" daemon [_thread_blocked, id=4616, stack(0x000000e287c00000,0x000000e287d00000)]
=>0x000002c783743000 JavaThread "main" [_thread_in_native, id=15304, stack(0x000000e287200000,0x000000e287300000)]

Other Threads:
  0x000002c79bdba000 VMThread [stack: 0x000000e287b00000,0x000000e287c00000] [id=18132]
  0x000002c79be7a800 WatcherThread [stack: 0x000000e288500000,0x000000e288600000] [id=3000]

VM state:not at safepoint (normal execution)

VM Mutex/Monitor currently owned by a thread: None

heap address: 0x0000000702600000, size: 3034 MB, Compressed Oops mode: Zero based, Oop shift amount: 3
Narrow klass base: 0x0000000000000000, Narrow klass shift: 3
Compressed class space size: 1073741824 Address: 0x00000007c0000000

Heap:
 PSYoungGen      total 105984K, used 56936K [0x0000000780d00000, 0x000000078ab00000, 0x00000007c0000000)
  eden space 98304K, 50% used [0x0000000780d00000,0x0000000783d1de50,0x0000000786d00000)
  from space 7680K, 99% used [0x0000000786d00000,0x000000078747c5a8,0x0000000787480000)
  to   space 10240K, 0% used [0x000000078a100000,0x000000078a100000,0x000000078ab00000)
 ParOldGen       total 84992K, used 9110K [0x0000000702600000, 0x0000000707900000, 0x0000000780d00000)
  object space 84992K, 10% used [0x0000000702600000,0x0000000702ee5b38,0x0000000707900000)
 Metaspace       used 33025K, capacity 34763K, committed 34944K, reserved 1079296K
  class space    used 4621K, capacity 4960K, committed 4992K, reserved 1048576K

Card table byte_map: [0x000002c794490000,0x000002c794a80000] byte_map_base: 0x000002c790c7d000

Marking Bits: (ParMarkBitMap*) 0x000000006eb67fe0
 Begin Bits: [0x000002c794e80000, 0x000002c797de8000)
 End Bits:   [0x000002c797de8000, 0x000002c79ad50000)

Polling page: 0x000002c783a80000

CodeCache: size=245760Kb used=5565Kb max_used=5565Kb free=240194Kb
 bounds [0x000002c7850d0000, 0x000002c785640000, 0x000002c7940d0000]
 total_blobs=3160 nmethods=2714 adapters=357
 compilation: enabled

Compilation events (10 events):
Event: 3.307 Thread 0x000002c79be2b000 2710       1       java.util.TreeMap::containsKey (14 bytes)
Event: 3.307 Thread 0x000002c79be2b000 nmethod 2710 0x000002c78563e150 code [0x000002c78563e2a0, 0x000002c78563e3f0]
Event: 3.308 Thread 0x000002c79be2b000 2712       1       java.util.TreeMap::getEntryUsingComparator (74 bytes)
Event: 3.308 Thread 0x000002c79be2b000 nmethod 2712 0x000002c78563e490 code [0x000002c78563e600, 0x000002c78563e7f0]
Event: 3.308 Thread 0x000002c79be2b000 2711       1       java.util.TreeMap::rotateLeft (96 bytes)
Event: 3.308 Thread 0x000002c79be2b000 nmethod 2711 0x000002c78563e8d0 code [0x000002c78563ea20, 0x000002c78563ec78]
Event: 3.308 Thread 0x000002c79be2b000 2713       1       sun.nio.cs.AbstractCharsetProvider::put (20 bytes)
Event: 3.308 Thread 0x000002c79be2b000 nmethod 2713 0x000002c78563ed90 code [0x000002c78563ef00, 0x000002c78563f080]
Event: 3.308 Thread 0x000002c79be2b000 2714       1       java.util.TreeMap::rotateRight (96 bytes)
Event: 3.308 Thread 0x000002c79be2b000 nmethod 2714 0x000002c78563f110 code [0x000002c78563f260, 0x000002c78563f4b8]

GC Heap History (10 events):
Event: 1.094 GC heap before
{Heap before GC invocations=2 (full 0):
 PSYoungGen      total 56832K, used 56468K [0x0000000780d00000, 0x0000000784c00000, 0x00000007c0000000)
  eden space 49152K, 100% used [0x0000000780d00000,0x0000000783d00000,0x0000000783d00000)
  from space 7680K, 95% used [0x0000000783d00000,0x0000000784425230,0x0000000784480000)
  to   space 7680K, 0% used [0x0000000784480000,0x0000000784480000,0x0000000784c00000)
 ParOldGen       total 130048K, used 16K [0x0000000702600000, 0x000000070a500000, 0x0000000780d00000)
  object space 130048K, 0% used [0x0000000702600000,0x0000000702604000,0x000000070a500000)
 Metaspace       used 17707K, capacity 18394K, committed 18432K, reserved 1064960K
  class space    used 2369K, capacity 2553K, committed 2560K, reserved 1048576K
Event: 1.104 GC heap after
Heap after GC invocations=2 (full 0):
 PSYoungGen      total 56832K, used 7671K [0x0000000780d00000, 0x0000000787c00000, 0x00000007c0000000)
  eden space 49152K, 0% used [0x0000000780d00000,0x0000000780d00000,0x0000000783d00000)
  from space 7680K, 99% used [0x0000000784480000,0x0000000784bfdd20,0x0000000784c00000)
  to   space 7680K, 0% used [0x0000000783d00000,0x0000000783d00000,0x0000000784480000)
 ParOldGen       total 130048K, used 1786K [0x0000000702600000, 0x000000070a500000, 0x0000000780d00000)
  object space 130048K, 1% used [0x0000000702600000,0x00000007027bea90,0x000000070a500000)
 Metaspace       used 17707K, capacity 18394K, committed 18432K, reserved 1064960K
  class space    used 2369K, capacity 2553K, committed 2560K, reserved 1048576K
}
Event: 1.219 GC heap before
{Heap before GC invocations=3 (full 0):
 PSYoungGen      total 56832K, used 56823K [0x0000000780d00000, 0x0000000787c00000, 0x00000007c0000000)
  eden space 49152K, 100% used [0x0000000780d00000,0x0000000783d00000,0x0000000783d00000)
  from space 7680K, 99% used [0x0000000784480000,0x0000000784bfdd20,0x0000000784c00000)
  to   space 7680K, 0% used [0x0000000783d00000,0x0000000783d00000,0x0000000784480000)
 ParOldGen       total 130048K, used 1786K [0x0000000702600000, 0x000000070a500000, 0x0000000780d00000)
  object space 130048K, 1% used [0x0000000702600000,0x00000007027bea90,0x000000070a500000)
 Metaspace       used 18663K, capacity 19420K, committed 19584K, reserved 1067008K
  class space    used 2491K, capacity 2676K, committed 2688K, reserved 1048576K
Event: 1.224 GC heap after
Heap after GC invocations=3 (full 0):
 PSYoungGen      total 56832K, used 6168K [0x0000000780d00000, 0x0000000787c00000, 0x00000007c0000000)
  eden space 49152K, 0% used [0x0000000780d00000,0x0000000780d00000,0x0000000783d00000)
  from space 7680K, 80% used [0x0000000783d00000,0x0000000784306148,0x0000000784480000)
  to   space 7680K, 0% used [0x0000000787480000,0x0000000787480000,0x0000000787c00000)
 ParOldGen       total 130048K, used 1794K [0x0000000702600000, 0x000000070a500000, 0x0000000780d00000)
  object space 130048K, 1% used [0x0000000702600000,0x00000007027c0a90,0x000000070a500000)
 Metaspace       used 18663K, capacity 19420K, committed 19584K, reserved 1067008K
  class space    used 2491K, capacity 2676K, committed 2688K, reserved 1048576K
}
Event: 1.543 GC heap before
{Heap before GC invocations=4 (full 0):
 PSYoungGen      total 56832K, used 38921K [0x0000000780d00000, 0x0000000787c00000, 0x00000007c0000000)
  eden space 49152K, 66% used [0x0000000780d00000,0x0000000782cfc520,0x0000000783d00000)
  from space 7680K, 80% used [0x0000000783d00000,0x0000000784306148,0x0000000784480000)
  to   space 7680K, 0% used [0x0000000787480000,0x0000000787480000,0x0000000787c00000)
 ParOldGen       total 130048K, used 1794K [0x0000000702600000, 0x000000070a500000, 0x0000000780d00000)
  object space 130048K, 1% used [0x0000000702600000,0x00000007027c0a90,0x000000070a500000)
 Metaspace       used 20278K, capacity 21145K, committed 21296K, reserved 1067008K
  class space    used 2734K, capacity 2944K, committed 2944K, reserved 1048576K
Event: 1.555 GC heap after
Heap after GC invocations=4 (full 0):
 PSYoungGen      total 105984K, used 7663K [0x0000000780d00000, 0x0000000787c00000, 0x00000007c0000000)
  eden space 98304K, 0% used [0x0000000780d00000,0x0000000780d00000,0x0000000786d00000)
  from space 7680K, 99% used [0x0000000787480000,0x0000000787bfbe28,0x0000000787c00000)
  to   space 7680K, 0% used [0x0000000786d00000,0x0000000786d00000,0x0000000787480000)
 ParOldGen       total 130048K, used 2767K [0x0000000702600000, 0x000000070a500000, 0x0000000780d00000)
  object space 130048K, 2% used [0x0000000702600000,0x00000007028b3f70,0x000000070a500000)
 Metaspace       used 20278K, capacity 21145K, committed 21296K, reserved 1067008K
  class space    used 2734K, capacity 2944K, committed 2944K, reserved 1048576K
}
Event: 1.555 GC heap before
{Heap before GC invocations=5 (full 1):
 PSYoungGen      total 105984K, used 7663K [0x0000000780d00000, 0x0000000787c00000, 0x00000007c0000000)
  eden space 98304K, 0% used [0x0000000780d00000,0x0000000780d00000,0x0000000786d00000)
  from space 7680K, 99% used [0x0000000787480000,0x0000000787bfbe28,0x0000000787c00000)
  to   space 7680K, 0% used [0x0000000786d00000,0x0000000786d00000,0x0000000787480000)
 ParOldGen       total 130048K, used 2767K [0x0000000702600000, 0x000000070a500000, 0x0000000780d00000)
  object space 130048K, 2% used [0x0000000702600000,0x00000007028b3f70,0x000000070a500000)
 Metaspace       used 20278K, capacity 21145K, committed 21296K, reserved 1067008K
  class space    used 2734K, capacity 2944K, committed 2944K, reserved 1048576K
Event: 1.606 GC heap after
Heap after GC invocations=5 (full 1):
 PSYoungGen      total 105984K, used 0K [0x0000000780d00000, 0x0000000787c00000, 0x00000007c0000000)
  eden space 98304K, 0% used [0x0000000780d00000,0x0000000780d00000,0x0000000786d00000)
  from space 7680K, 0% used [0x0000000787480000,0x0000000787480000,0x0000000787c00000)
  to   space 7680K, 0% used [0x0000000786d00000,0x0000000786d00000,0x0000000787480000)
 ParOldGen       total 84992K, used 8362K [0x0000000702600000, 0x0000000707900000, 0x0000000780d00000)
  object space 84992K, 9% used [0x0000000702600000,0x0000000702e2a928,0x0000000707900000)
 Metaspace       used 20276K, capacity 21139K, committed 21296K, reserved 1067008K
  class space    used 2733K, capacity 2943K, committed 2944K, reserved 1048576K
}
Event: 2.851 GC heap before
{Heap before GC invocations=6 (full 1):
 PSYoungGen      total 105984K, used 98304K [0x0000000780d00000, 0x0000000787c00000, 0x00000007c0000000)
  eden space 98304K, 100% used [0x0000000780d00000,0x0000000786d00000,0x0000000786d00000)
  from space 7680K, 0% used [0x0000000787480000,0x0000000787480000,0x0000000787c00000)
  to   space 7680K, 0% used [0x0000000786d00000,0x0000000786d00000,0x0000000787480000)
 ParOldGen       total 84992K, used 8362K [0x0000000702600000, 0x0000000707900000, 0x0000000780d00000)
  object space 84992K, 9% used [0x0000000702600000,0x0000000702e2a928,0x0000000707900000)
 Metaspace       used 26336K, capacity 27947K, committed 28288K, reserved 1073152K
  class space    used 3594K, capacity 3910K, committed 3968K, reserved 1048576K
Event: 2.859 GC heap after
Heap after GC invocations=6 (full 1):
 PSYoungGen      total 105984K, used 7665K [0x0000000780d00000, 0x000000078ab00000, 0x00000007c0000000)
  eden space 98304K, 0% used [0x0000000780d00000,0x0000000780d00000,0x0000000786d00000)
  from space 7680K, 99% used [0x0000000786d00000,0x000000078747c5a8,0x0000000787480000)
  to   space 10240K, 0% used [0x000000078a100000,0x000000078a100000,0x000000078ab00000)
 ParOldGen       total 84992K, used 9110K [0x0000000702600000, 0x0000000707900000, 0x0000000780d00000)
  object space 84992K, 10% used [0x0000000702600000,0x0000000702ee5b38,0x0000000707900000)
 Metaspace       used 26336K, capacity 27947K, committed 28288K, reserved 1073152K
  class space    used 3594K, capacity 3910K, committed 3968K, reserved 1048576K
}

Deoptimization events (0 events):
No events

Classes redefined (0 events):
No events

Internal exceptions (10 events):
Event: 2.902 Thread 0x000002c783743000 Exception <a 'java/lang/NullPointerException'> (0x000000078128cad0) thrown at [C:\jenkins\workspace\8-2-build-windows-amd64-cygwin\jdk8u301\1513\hotspot\src\share\vm\runtime\sharedRuntime.cpp, line 609]
Event: 2.902 Thread 0x000002c783743000 Implicit null exception at 0x000002c7854ab995 to 0x000002c7854abbfd
Event: 2.902 Thread 0x000002c783743000 Exception <a 'java/lang/NullPointerException'> (0x000000078128d738) thrown at [C:\jenkins\workspace\8-2-build-windows-amd64-cygwin\jdk8u301\1513\hotspot\src\share\vm\runtime\sharedRuntime.cpp, line 609]
Event: 2.902 Thread 0x000002c783743000 Implicit null exception at 0x000002c7854ab995 to 0x000002c7854abbfd
Event: 2.902 Thread 0x000002c783743000 Exception <a 'java/lang/NullPointerException'> (0x000000078128e3a0) thrown at [C:\jenkins\workspace\8-2-build-windows-amd64-cygwin\jdk8u301\1513\hotspot\src\share\vm\runtime\sharedRuntime.cpp, line 609]
Event: 2.909 Thread 0x000002c783743000 Exception <a 'java/lang/ArrayIndexOutOfBoundsException'> (0x0000000781334768) thrown at [C:\jenkins\workspace\8-2-build-windows-amd64-cygwin\jdk8u301\1513\hotspot\src\share\vm\runtime\sharedRuntime.cpp, line 609]
Event: 2.915 Thread 0x000002c783743000 Exception <a 'java/lang/ArrayIndexOutOfBoundsException'> (0x0000000781373610) thrown at [C:\jenkins\workspace\8-2-build-windows-amd64-cygwin\jdk8u301\1513\hotspot\src\share\vm\runtime\sharedRuntime.cpp, line 609]
Event: 2.915 Thread 0x000002c783743000 Exception <a 'java/lang/ArrayIndexOutOfBoundsException'> (0x000000078137cf18) thrown at [C:\jenkins\workspace\8-2-build-windows-amd64-cygwin\jdk8u301\1513\hotspot\src\share\vm\runtime\sharedRuntime.cpp, line 609]
Event: 2.920 Thread 0x000002c783743000 Exception <a 'java/lang/ArrayIndexOutOfBoundsException'> (0x00000007813c14f8) thrown at [C:\jenkins\workspace\8-2-build-windows-amd64-cygwin\jdk8u301\1513\hotspot\src\share\vm\runtime\sharedRuntime.cpp, line 609]
Event: 2.920 Thread 0x000002c783743000 Exception <a 'java/lang/ArrayIndexOutOfBoundsException'> (0x00000007813c2cd8) thrown at [C:\jenkins\workspace\8-2-build-windows-amd64-cygwin\jdk8u301\1513\hotspot\src\share\vm\runtime\sharedRuntime.cpp, line 609]

Events (10 events):
Event: 3.311 loading class sun/nio/cs/ext/IBM943 done
Event: 3.311 loading class sun/nio/cs/ext/MS932
Event: 3.311 loading class sun/nio/cs/ext/MS932 done
Event: 3.311 loading class sun/nio/cs/ext/EUC_CN
Event: 3.311 loading class sun/nio/cs/ext/EUC_CN done
Event: 3.311 loading class sun/nio/cs/ext/EUC_JP
Event: 3.312 loading class sun/nio/cs/ext/EUC_JP done
Event: 3.312 loading class sun/nio/cs/ext/EUC_JP_Open
Event: 3.312 loading class sun/nio/cs/ext/EUC_JP_Open done
Event: 3.312 loading class sun/nio/cs/ext/GB18030


Dynamic libraries:
0x00007ff6225b0000 - 0x00007ff6225f7000 	C:\Program Files\Java\jdk1.8.0_301\jre\bin\java.exe
0x00007ff80aa20000 - 0x00007ff80ac27000 	C:\WINDOWS\SYSTEM32\ntdll.dll
0x00007ff809520000 - 0x00007ff8095dd000 	C:\WINDOWS\System32\KERNEL32.DLL
0x00007ff8081c0000 - 0x00007ff808534000 	C:\WINDOWS\System32\KERNELBASE.dll
0x00007ff8054e0000 - 0x00007ff805571000 	C:\WINDOWS\SYSTEM32\apphelp.dll
0x00007ff809440000 - 0x00007ff8094ec000 	C:\WINDOWS\System32\ADVAPI32.dll
0x00007ff8096b0000 - 0x00007ff809753000 	C:\WINDOWS\System32\msvcrt.dll
0x00007ff808e20000 - 0x00007ff808ebd000 	C:\WINDOWS\System32\sechost.dll
0x00007ff809310000 - 0x00007ff809431000 	C:\WINDOWS\System32\RPCRT4.dll
0x00007ff80a3a0000 - 0x00007ff80a54c000 	C:\WINDOWS\System32\USER32.dll
0x00007ff808020000 - 0x00007ff808046000 	C:\WINDOWS\System32\win32u.dll
0x00007ff8094f0000 - 0x00007ff809519000 	C:\WINDOWS\System32\GDI32.dll
0x00007ff808710000 - 0x00007ff808822000 	C:\WINDOWS\System32\gdi32full.dll
0x00007ff808670000 - 0x00007ff80870d000 	C:\WINDOWS\System32\msvcp_win.dll
0x00007ff807f00000 - 0x00007ff808011000 	C:\WINDOWS\System32\ucrtbase.dll
0x00007ffff2370000 - 0x00007ffff2615000 	C:\WINDOWS\WinSxS\amd64_microsoft.windows.common-controls_6595b64144ccf1df_6.0.22000.120_none_9d947278b86cc467\COMCTL32.dll
0x00007ff8095e0000 - 0x00007ff809611000 	C:\WINDOWS\System32\IMM32.DLL
0x00007fffea520000 - 0x00007fffea535000 	C:\Program Files\Java\jdk1.8.0_301\jre\bin\vcruntime140.dll
0x00007fffcf610000 - 0x00007fffcf6ab000 	C:\Program Files\Java\jdk1.8.0_301\jre\bin\msvcp140.dll
0x000000006e380000 - 0x000000006ebe0000 	C:\Program Files\Java\jdk1.8.0_301\jre\bin\server\jvm.dll
0x00007ff809300000 - 0x00007ff809308000 	C:\WINDOWS\System32\PSAPI.DLL
0x00007ff8025f0000 - 0x00007ff8025f9000 	C:\WINDOWS\SYSTEM32\WSOCK32.dll
0x00007ff8088b0000 - 0x00007ff80891f000 	C:\WINDOWS\System32\WS2_32.dll
0x00007ff802c10000 - 0x00007ff802c1a000 	C:\WINDOWS\SYSTEM32\VERSION.dll
0x00007ff8031d0000 - 0x00007ff803203000 	C:\WINDOWS\SYSTEM32\WINMM.dll
0x00007ff807120000 - 0x00007ff807138000 	C:\WINDOWS\SYSTEM32\kernel.appcore.dll
0x00007ff803bc0000 - 0x00007ff803bd0000 	C:\Program Files\Java\jdk1.8.0_301\jre\bin\verify.dll
0x00007fffe7730000 - 0x00007fffe775b000 	C:\Program Files\Java\jdk1.8.0_301\jre\bin\java.dll
0x00007fffe22f0000 - 0x00007fffe2308000 	C:\Program Files\Java\jdk1.8.0_301\jre\bin\zip.dll
0x00007ff8098a0000 - 0x00007ff80a049000 	C:\WINDOWS\System32\SHELL32.dll
0x00007ff806070000 - 0x00007ff8068d2000 	C:\WINDOWS\SYSTEM32\windows.storage.dll
0x00007ff808920000 - 0x00007ff808c98000 	C:\WINDOWS\System32\combase.dll
0x00007ff805f00000 - 0x00007ff806066000 	C:\WINDOWS\SYSTEM32\wintypes.dll
0x00007ff80a2b0000 - 0x00007ff80a39a000 	C:\WINDOWS\System32\SHCORE.dll
0x00007ff809080000 - 0x00007ff8090dd000 	C:\WINDOWS\System32\shlwapi.dll
0x00007ff807e30000 - 0x00007ff807e51000 	C:\WINDOWS\SYSTEM32\profapi.dll
0x00007ffff4130000 - 0x00007ffff413d000 	C:\Program Files\Java\jdk1.8.0_301\jre\bin\management.dll
0x00007ff805400000 - 0x00007ff80541c000 	C:\Program Files\Java\jdk1.8.0_301\jre\bin\net.dll
0x00007ff807530000 - 0x00007ff807597000 	C:\WINDOWS\system32\mswsock.dll
0x00007fffe0630000 - 0x00007fffe0647000 	C:\WINDOWS\system32\napinsp.dll
0x00007fffe0610000 - 0x00007fffe062b000 	C:\WINDOWS\system32\pnrpnsp.dll
0x00007ff806c10000 - 0x00007ff806cf7000 	C:\WINDOWS\SYSTEM32\DNSAPI.dll
0x00007ff806ba0000 - 0x00007ff806bcd000 	C:\WINDOWS\SYSTEM32\IPHLPAPI.DLL
0x00007ff80a560000 - 0x00007ff80a569000 	C:\WINDOWS\System32\NSI.dll
0x00007fffe05f0000 - 0x00007fffe0602000 	C:\WINDOWS\System32\winrnr.dll
0x00007fffe12b0000 - 0x00007fffe12c5000 	C:\WINDOWS\system32\wshbth.dll
0x00007fffe05d0000 - 0x00007fffe05ef000 	C:\WINDOWS\system32\nlansp_c.dll
0x00007ffffba20000 - 0x00007ffffba2a000 	C:\Windows\System32\rasadhlp.dll
0x00007ff802a80000 - 0x00007ff802b01000 	C:\WINDOWS\System32\fwpuclnt.dll
0x00007fffec460000 - 0x00007fffec473000 	C:\Program Files\Java\jdk1.8.0_301\jre\bin\nio.dll
0x00007ff807780000 - 0x00007ff807798000 	C:\WINDOWS\SYSTEM32\CRYPTSP.dll
0x00007ff807080000 - 0x00007ff8070b5000 	C:\WINDOWS\system32\rsaenh.dll
0x00007ff807620000 - 0x00007ff807649000 	C:\WINDOWS\SYSTEM32\USERENV.dll
0x00007ff8078f0000 - 0x00007ff807917000 	C:\WINDOWS\SYSTEM32\bcrypt.dll
0x00007ff808830000 - 0x00007ff8088b0000 	C:\WINDOWS\System32\bcryptprimitives.dll
0x00007ff807770000 - 0x00007ff80777c000 	C:\WINDOWS\SYSTEM32\CRYPTBASE.dll
0x00007ff803410000 - 0x00007ff803429000 	C:\WINDOWS\SYSTEM32\dhcpcsvc6.DLL
0x00007ff8035b0000 - 0x00007ff8035ce000 	C:\WINDOWS\SYSTEM32\dhcpcsvc.DLL
0x00007ff801ff0000 - 0x00007ff802211000 	C:\WINDOWS\SYSTEM32\dbghelp.dll

VM Arguments:
jvm_args: -Xverify:none -XX:TieredStopAtLevel=1 -Xverify:none -XX:TieredStopAtLevel=1 
java_command: com.example.BasicApplication
java_class_path (initial): D:\Documents\NetBeansProjects\CRUD\target\classes;C:\Users\julih\.m2\repository\org\springframework\boot\spring-boot-starter\2.2.2.RELEASE\spring-boot-starter-2.2.2.RELEASE.jar;C:\Users\julih\.m2\repository\org\springframework\boot\spring-boot\2.2.2.RELEASE\spring-boot-2.2.2.RELEASE.jar;C:\Users\julih\.m2\repository\org\springframework\spring-context\5.2.2.RELEASE\spring-context-5.2.2.RELEASE.jar;C:\Users\julih\.m2\repository\org\springframework\boot\spring-boot-autoconfigure\2.2.2.RELEASE\spring-boot-autoconfigure-2.2.2.RELEASE.jar;C:\Users\julih\.m2\repository\org\springframework\boot\spring-boot-starter-logging\2.2.2.RELEASE\spring-boot-starter-logging-2.2.2.RELEASE.jar;C:\Users\julih\.m2\repository\ch\qos\logback\logback-classic\1.2.3\logback-classic-1.2.3.jar;C:\Users\julih\.m2\repository\ch\qos\logback\logback-core\1.2.3\logback-core-1.2.3.jar;C:\Users\julih\.m2\repository\org\apache\logging\log4j\log4j-to-slf4j\2.12.1\log4j-to-slf4j-2.12.1.jar;C:\Users\julih\.m2\repository\org\apache\logging\log4j\log4j-api\2.12.1\log4j-api-2.12.1.jar;C:\Users\julih\.m2\repository\org\slf4j\jul-to-slf4j\1.7.29\jul-to-slf4j-1.7.29.jar;C:\Users\julih\.m2\repository\jakarta\annotation\jakarta.annotation-api\1.3.5\jakarta.annotation-api-1.3.5.jar;C:\Users\julih\.m2\repository\org\springframework\spring-core\5.2.2.RELEASE\spring-core-5.2.2.RELEASE.jar;C:\Users\julih\.m2\repository\org\springframework\spring-jcl\5.2.2.RELEASE\spring-jcl-5.2.2.RELEASE.jar;C:\Users\julih\.m2\repository\org\yaml\snakeyaml\1.25\snakeyaml-1.25.jar;C:\Users\julih\.m2\repository\org\springframework\boot\spring-boot-configuration-processor\2.2.2.RELEASE\spring-boot-configuration-processor-2.2.2.RELEASE.jar;C:\Users\julih\.m2\repository\javax\persistence\javax.persistence-api\2.2\javax.persistence-api-2.2.jar;C:\Users\julih\.m2\repository\org\slf4j\slf4j-api\1.7.29\slf4j-api-1.7.29.jar;C:\Users\julih\.m2\repository\jakarta\xml\bind\jakarta.xml.bind-api\2.3.2\jakarta.xml.bind-api
Launcher Type: SUN_STANDARD

Environment Variables:
JAVA_HOME=C:\Program Files\Java\jdk1.8.0_301
PATH=C:\ProgramData\Oracle\Java\javapath;C:\Windows\system32;C:\Windows;C:\Windows\System32\Wbem;C:\Windows\System32\WindowsPowerShell\v1.0\;C:\Windows\System32\OpenSSH\;C:\Program Files (x86)\NVIDIA Corporation\PhysX\Common;C:\Program Files\NVIDIA Corporation\NVIDIA NvDLISR;C:\WINDOWS\system32;C:\WINDOWS;C:\WINDOWS\System32\Wbem;C:\WINDOWS\System32\WindowsPowerShell\v1.0\;C:\WINDOWS\System32\OpenSSH\;C:\Program Files\Git\cmd;C:\Users\julih\AppData\Local\Microsoft\WindowsApps;
USERNAME=julih
OS=Windows_NT
PROCESSOR_IDENTIFIER=Intel64 Family 6 Model 158 Stepping 10, GenuineIntel



---------------  S Y S T E M  ---------------

OS: Windows 10.0 , 64 bit Build 22000 (10.0.22000.120)

CPU:total 8 (initial active 8) (4 cores per cpu, 2 threads per core) family 6 model 158 stepping 10, cmov, cx8, fxsr, mmx, sse, sse2, sse3, ssse3, sse4.1, sse4.2, popcnt, avx, avx2, aes, clmul, erms, 3dnowpref, lzcnt, ht, tsc, tscinvbit, bmi1, bmi2, adx

Memory: 4k page, physical 12421428k(498332k free), swap 27960932k(912k free)

vm_info: Java HotSpot(TM) 64-Bit Server VM (25.301-b09) for windows-amd64 JRE (1.8.0_301-b09), built on Jun  9 2021 06:46:21 by "java_re" with MS VC++ 15.9 (VS2017)

time: Wed Aug 25 01:26:44 2021
timezone: Hora est. Pacífico, Sudamérica
elapsed time: 3.360056 seconds (0d 0h 0m 3s)

